21:17:19.151 [main] INFO  api.test.UserTests - ********** Creating User*********
21:17:24.288 [main] INFO  api.test.UserTests - ********** User is created *********
21:17:24.322 [main] INFO  api.test.UserTests - ********** Reading User Info ***************
21:17:25.524 [main] INFO  api.test.UserTests - **********User info  is displayed ***************
21:17:25.541 [main] INFO  api.test.UserTests - ********** Updating User ***************
21:17:26.731 [main] INFO  api.test.UserTests - ********** User updated ***************
21:17:27.877 [main] INFO  api.test.UserTests - **********   Deleting User  ***************
21:17:28.956 [main] INFO  api.test.UserTests - ********** User deleted ***************
21:18:57.245 [main] INFO  api.test.UserTests - ********** Creating User*********
21:19:03.532 [main] INFO  api.test.UserTests - ********** User is created *********
21:19:03.561 [main] INFO  api.test.UserTests - ********** Reading User Info ***************
21:19:04.725 [main] INFO  api.test.UserTests - **********User info  is displayed ***************
21:19:04.751 [main] INFO  api.test.UserTests - ********** Updating User ***************
21:19:06.389 [main] INFO  api.test.UserTests - ********** User updated ***************
21:19:07.534 [main] INFO  api.test.UserTests - **********   Deleting User  ***************
21:19:09.888 [main] INFO  api.test.UserTests - ********** User deleted ***************
21:19:59.799 [main] INFO  api.test.UserTests - ********** Creating User*********
21:20:05.899 [main] INFO  api.test.UserTests - ********** User is created *********
21:20:05.954 [main] INFO  api.test.UserTests - ********** Reading User Info ***************
21:20:07.060 [main] INFO  api.test.UserTests - **********User info  is displayed ***************
21:20:07.085 [main] INFO  api.test.UserTests - ********** Updating User ***************
21:20:09.240 [main] INFO  api.test.UserTests - ********** User updated ***************
21:20:10.398 [main] INFO  api.test.UserTests - **********   Deleting User  ***************
21:20:11.491 [main] INFO  api.test.UserTests - ********** User deleted ***************
21:21:15.220 [main] DEBUG api.test.UserTests - debugging.....
21:21:15.240 [main] INFO  api.test.UserTests - ********** Creating User*********
21:21:20.368 [main] INFO  api.test.UserTests - ********** User is created *********
21:21:20.403 [main] INFO  api.test.UserTests - ********** Reading User Info ***************
21:21:23.644 [main] INFO  api.test.UserTests - **********User info  is displayed ***************
21:21:23.663 [main] INFO  api.test.UserTests - ********** Updating User ***************
21:21:24.774 [main] INFO  api.test.UserTests - ********** User updated ***************
21:21:25.870 [main] INFO  api.test.UserTests - **********   Deleting User  ***************
21:21:26.990 [main] INFO  api.test.UserTests - ********** User deleted ***************
12:23:36.375 [main] DEBUG api.test.UserTests - debugging.....
12:23:36.396 [main] INFO  api.test.UserTests - ********** Creating User*********
12:23:41.012 [main] INFO  api.test.UserTests - ********** User is created *********
12:23:41.027 [main] INFO  api.test.UserTests - ********** Reading User Info ***************
12:23:42.302 [main] INFO  api.test.UserTests - **********User info  is displayed ***************
12:23:42.323 [main] INFO  api.test.UserTests - ********** Updating User ***************
12:23:43.513 [main] INFO  api.test.UserTests - ********** User updated ***************
12:23:44.677 [main] INFO  api.test.UserTests - **********   Deleting User  ***************
12:23:45.822 [main] INFO  api.test.UserTests - ********** User deleted ***************
12:24:50.833 [main] DEBUG api.test.UserTests - debugging.....
12:24:50.951 [main] INFO  api.test.UserTests - ********** Creating User*********
12:24:59.454 [main] INFO  api.test.UserTests - ********** User is created *********
12:24:59.485 [main] INFO  api.test.UserTests - ********** Reading User Info ***************
12:25:00.627 [main] INFO  api.test.UserTests - **********User info  is displayed ***************
12:25:00.649 [main] INFO  api.test.UserTests - ********** Updating User ***************
12:25:01.848 [main] INFO  api.test.UserTests - ********** User updated ***************
12:25:02.974 [main] INFO  api.test.UserTests - **********   Deleting User  ***************
12:25:04.083 [main] INFO  api.test.UserTests - ********** User deleted ***************
13:00:20.848 [main] DEBUG api.test.UserTests - debugging.....
13:00:20.864 [main] INFO  api.test.UserTests - ********** Creating User*********
13:00:25.694 [main] INFO  api.test.UserTests - ********** User is created *********
13:00:25.712 [main] INFO  api.test.UserTests - ********** Reading User Info ***************
13:00:27.857 [main] INFO  api.test.UserTests - **********User info  is displayed ***************
13:00:27.864 [main] INFO  api.test.UserTests - ********** Updating User ***************
13:00:29.036 [main] INFO  api.test.UserTests - ********** User updated ***************
13:00:30.840 [main] INFO  api.test.UserTests - **********   Deleting User  ***************
13:00:32.241 [main] INFO  api.test.UserTests - ********** User deleted ***************
13:16:27.427 [main] DEBUG api.test.UserTests - debugging.....
13:16:27.446 [main] INFO  api.test.UserTests - ********** Creating User*********
13:16:32.238 [main] INFO  api.test.UserTests - ********** User is created *********
13:16:32.257 [main] INFO  api.test.UserTests - ********** Reading User Info ***************
13:16:33.425 [main] INFO  api.test.UserTests - **********User info  is displayed ***************
13:16:33.429 [main] INFO  api.test.UserTests - ********** Updating User ***************
13:16:36.053 [main] INFO  api.test.UserTests - ********** User updated ***************
13:16:37.229 [main] INFO  api.test.UserTests - **********   Deleting User  ***************
13:16:38.307 [main] INFO  api.test.UserTests - ********** User deleted ***************
17:12:41.650 [main] DEBUG api.test.UserTests - debugging.....
17:12:41.670 [main] INFO  api.test.UserTests - ********** Creating User*********
17:12:45.830 [main] INFO  api.test.UserTests - ********** User is created *********
17:12:45.876 [main] INFO  api.test.UserTests - ********** Reading User Info ***************
17:12:46.996 [main] INFO  api.test.UserTests - **********User info  is displayed ***************
17:12:47.016 [main] INFO  api.test.UserTests - ********** Updating User ***************
17:12:48.182 [main] INFO  api.test.UserTests - ********** User updated ***************
17:12:51.140 [main] INFO  api.test.UserTests - **********   Deleting User  ***************
17:12:53.151 [main] INFO  api.test.UserTests - ********** User deleted ***************
